2021-07-17 00:00:45.675  INFO 25669 --- [SpringApplicationShutdownHook] j.LocalContainerEntityManagerFactoryBean : Closing JPA EntityManagerFactory for persistence unit 'default'
2021-07-17 00:00:45.693  INFO 25669 --- [SpringApplicationShutdownHook] com.zaxxer.hikari.HikariDataSource       : HikariPool-1 - Shutdown initiated...
2021-07-17 00:00:45.704  INFO 25669 --- [SpringApplicationShutdownHook] com.zaxxer.hikari.HikariDataSource       : HikariPool-1 - Shutdown completed.
2021-07-17 00:00:55.964  INFO 25711 --- [main] c.e.firstsample.ProdreadyApplication     : Starting ProdreadyApplication using Java 11.0.11 on USCS-Mac122.local with PID 25711 (/Users/admin/Desktop/springboot-docker-demo-master/target/classes started by admin in /Users/admin/Desktop/springboot-docker-demo-master)
2021-07-17 00:00:55.968 DEBUG 25711 --- [main] c.e.firstsample.ProdreadyApplication     : Running with Spring Boot v2.5.2, Spring v5.3.8
2021-07-17 00:00:55.969  INFO 25711 --- [main] c.e.firstsample.ProdreadyApplication     : No active profile set, falling back to default profiles: default
2021-07-17 00:00:57.650  INFO 25711 --- [main] .s.d.r.c.RepositoryConfigurationDelegate : Bootstrapping Spring Data JPA repositories in DEFAULT mode.
2021-07-17 00:00:57.740  INFO 25711 --- [main] .s.d.r.c.RepositoryConfigurationDelegate : Finished Spring Data repository scanning in 77 ms. Found 2 JPA repository interfaces.
2021-07-17 00:00:58.742  INFO 25711 --- [main] o.s.b.w.embedded.tomcat.TomcatWebServer  : Tomcat initialized with port(s): 8080 (http)
2021-07-17 00:00:58.756  INFO 25711 --- [main] o.apache.catalina.core.StandardService   : Starting service [Tomcat]
2021-07-17 00:00:58.757  INFO 25711 --- [main] org.apache.catalina.core.StandardEngine  : Starting Servlet engine: [Apache Tomcat/9.0.48]
2021-07-17 00:00:58.971  INFO 25711 --- [main] o.a.c.c.C.[Tomcat].[localhost].[/]       : Initializing Spring embedded WebApplicationContext
2021-07-17 00:00:58.972  INFO 25711 --- [main] w.s.c.ServletWebServerApplicationContext : Root WebApplicationContext: initialization completed in 2906 ms
2021-07-17 00:00:59.061  INFO 25711 --- [main] com.zaxxer.hikari.HikariDataSource       : HikariPool-1 - Starting...
2021-07-17 00:00:59.327  INFO 25711 --- [main] com.zaxxer.hikari.HikariDataSource       : HikariPool-1 - Start completed.
2021-07-17 00:00:59.336  INFO 25711 --- [main] o.s.b.a.h2.H2ConsoleAutoConfiguration    : H2 console available at '/h2-console'. Database available at 'jdbc:h2:mem:neha1'
2021-07-17 00:00:59.516 DEBUG 25711 --- [main] c.example.firstsample.JwtRequestFilter   : Filter 'jwtRequestFilter' configured for use
2021-07-17 00:00:59.636  INFO 25711 --- [main] o.hibernate.jpa.internal.util.LogHelper  : HHH000204: Processing PersistenceUnitInfo [name: default]
2021-07-17 00:00:59.701  INFO 25711 --- [main] org.hibernate.Version                    : HHH000412: Hibernate ORM core version 5.4.32.Final
2021-07-17 00:00:59.900  INFO 25711 --- [main] o.hibernate.annotations.common.Version   : HCANN000001: Hibernate Commons Annotations {5.1.2.Final}
2021-07-17 00:01:00.064  INFO 25711 --- [main] org.hibernate.dialect.Dialect            : HHH000400: Using dialect: org.hibernate.dialect.H2Dialect
2021-07-17 00:01:00.750  INFO 25711 --- [main] org.hibernate.tuple.PojoInstantiator     : HHH000182: No default (no-argument) constructor for class: com.example.firstsample.domain.User (class must be instantiated by Interceptor)
2021-07-17 00:01:00.948  INFO 25711 --- [main] o.h.e.t.j.p.i.JtaPlatformInitiator       : HHH000490: Using JtaPlatform implementation: [org.hibernate.engine.transaction.jta.platform.internal.NoJtaPlatform]
2021-07-17 00:01:00.958  INFO 25711 --- [main] j.LocalContainerEntityManagerFactoryBean : Initialized JPA EntityManagerFactory for persistence unit 'default'
2021-07-17 00:01:01.054  WARN 25711 --- [main] JpaBaseConfiguration$JpaWebConfiguration : spring.jpa.open-in-view is enabled by default. Therefore, database queries may be performed during view rendering. Explicitly configure spring.jpa.open-in-view to disable this warning
2021-07-17 00:01:02.813  INFO 25711 --- [main] o.s.s.web.DefaultSecurityFilterChain     : Will secure any request with [org.springframework.security.web.context.request.async.WebAsyncManagerIntegrationFilter@32192a69, org.springframework.security.web.context.SecurityContextPersistenceFilter@1b3b5252, org.springframework.security.web.header.HeaderWriterFilter@37e15055, org.springframework.security.web.authentication.logout.LogoutFilter@47e89fed, com.example.firstsample.JwtRequestFilter@534762ed, org.springframework.security.web.savedrequest.RequestCacheAwareFilter@5c7876e1, org.springframework.security.web.servletapi.SecurityContextHolderAwareRequestFilter@664c0466, org.springframework.security.web.authentication.AnonymousAuthenticationFilter@135f760a, org.springframework.security.web.session.SessionManagementFilter@2802caa2, org.springframework.security.web.access.ExceptionTranslationFilter@f1d5f3, org.springframework.security.web.access.intercept.FilterSecurityInterceptor@301b89e1]
2021-07-17 00:01:03.506  WARN 25711 --- [main] o.s.b.a.batch.JpaBatchConfigurer         : JPA does not support custom isolation levels, so locks may not be taken when launching Jobs
2021-07-17 00:01:03.509  INFO 25711 --- [main] o.s.b.c.r.s.JobRepositoryFactoryBean     : No database type set, using meta data indicating: H2
2021-07-17 00:01:03.533  INFO 25711 --- [main] o.s.b.c.l.support.SimpleJobLauncher      : No TaskExecutor has been set, defaulting to synchronous executor.
2021-07-17 00:01:03.946  INFO 25711 --- [main] o.s.b.w.embedded.tomcat.TomcatWebServer  : Tomcat started on port(s): 8080 (http) with context path ''
2021-07-17 00:01:04.590  INFO 25711 --- [main] c.e.firstsample.ProdreadyApplication     : Started ProdreadyApplication in 14.193 seconds (JVM running for 15.059)
2021-07-17 00:01:04.593  INFO 25711 --- [main] o.s.b.a.b.JobLauncherApplicationRunner   : Running default command line with: []
2021-07-17 00:01:04.649  INFO 25711 --- [main] o.s.b.c.l.support.SimpleJobLauncher      : Job: [FlowJob: [name=importUserJob]] launched with the following parameters: [{run.id=1}]
2021-07-17 00:01:04.704  INFO 25711 --- [main] o.s.batch.core.job.SimpleStepHandler     : Executing step: [step1]
2021-07-17 00:01:04.741  INFO 25711 --- [main] c.e.firstsample.data.TopicDataProcessor  : Converting (com.example.firstsample.data.TopicInput@65589d76) into (com.example.firstsample.domain.Topic@7a213820)
2021-07-17 00:01:04.742  INFO 25711 --- [main] c.e.firstsample.data.TopicDataProcessor  : Converting (com.example.firstsample.data.TopicInput@34b69a14) into (com.example.firstsample.domain.Topic@210b4145)
2021-07-17 00:01:04.742  INFO 25711 --- [main] c.e.firstsample.data.TopicDataProcessor  : Converting (com.example.firstsample.data.TopicInput@19cb3f) into (com.example.firstsample.domain.Topic@738a1324)
2021-07-17 00:01:04.743  INFO 25711 --- [main] c.e.firstsample.data.TopicDataProcessor  : Converting (com.example.firstsample.data.TopicInput@73ec417b) into (com.example.firstsample.domain.Topic@816272a)
2021-07-17 00:01:04.778  INFO 25711 --- [main] o.s.batch.core.step.AbstractStep         : Step: [step1] executed in 74ms
2021-07-17 00:01:04.785  INFO 25711 --- [main] .e.f.d.JobCompletionNotificationListener : !!! JOB FINISHED! Time to verify the results
2021-07-17 00:01:04.889 ERROR 25711 --- [main] o.s.batch.core.job.AbstractJob           : Exception encountered in afterJob callback

org.springframework.dao.DataIntegrityViolationException: StatementCallback; SQL [SELECT id, name, description FROM topic]; Invalid value "4" for parameter "columnIndex" [90008-200]; nested exception is org.h2.jdbc.JdbcSQLDataException: Invalid value "4" for parameter "columnIndex" [90008-200]
	at org.springframework.jdbc.support.SQLExceptionSubclassTranslator.doTranslate(SQLExceptionSubclassTranslator.java:84)
	at org.springframework.jdbc.support.AbstractFallbackSQLExceptionTranslator.translate(AbstractFallbackSQLExceptionTranslator.java:70)
	at org.springframework.jdbc.support.AbstractFallbackSQLExceptionTranslator.translate(AbstractFallbackSQLExceptionTranslator.java:79)
	at org.springframework.jdbc.core.JdbcTemplate.translateException(JdbcTemplate.java:1541)
	at org.springframework.jdbc.core.JdbcTemplate.execute(JdbcTemplate.java:393)
	at org.springframework.jdbc.core.JdbcTemplate.query(JdbcTemplate.java:465)
	at org.springframework.jdbc.core.JdbcTemplate.query(JdbcTemplate.java:475)
	at com.example.firstsample.data.JobCompletionNotificationListener.afterJob(JobCompletionNotificationListener.java:30)
	at org.springframework.batch.core.listener.CompositeJobExecutionListener.afterJob(CompositeJobExecutionListener.java:60)
	at org.springframework.batch.core.job.AbstractJob.execute(AbstractJob.java:373)
	at org.springframework.batch.core.launch.support.SimpleJobLauncher$1.run(SimpleJobLauncher.java:149)
	at org.springframework.core.task.SyncTaskExecutor.execute(SyncTaskExecutor.java:50)
	at org.springframework.batch.core.launch.support.SimpleJobLauncher.run(SimpleJobLauncher.java:140)
	at java.base/jdk.internal.reflect.NativeMethodAccessorImpl.invoke0(Native Method)
	at java.base/jdk.internal.reflect.NativeMethodAccessorImpl.invoke(NativeMethodAccessorImpl.java:62)
	at java.base/jdk.internal.reflect.DelegatingMethodAccessorImpl.invoke(DelegatingMethodAccessorImpl.java:43)
	at java.base/java.lang.reflect.Method.invoke(Method.java:566)
	at org.springframework.aop.support.AopUtils.invokeJoinpointUsingReflection(AopUtils.java:344)
	at org.springframework.aop.framework.ReflectiveMethodInvocation.invokeJoinpoint(ReflectiveMethodInvocation.java:198)
	at org.springframework.aop.framework.ReflectiveMethodInvocation.proceed(ReflectiveMethodInvocation.java:163)
	at org.springframework.batch.core.configuration.annotation.SimpleBatchConfiguration$PassthruAdvice.invoke(SimpleBatchConfiguration.java:128)
	at org.springframework.aop.framework.ReflectiveMethodInvocation.proceed(ReflectiveMethodInvocation.java:186)
	at org.springframework.aop.framework.JdkDynamicAopProxy.invoke(JdkDynamicAopProxy.java:215)
	at com.sun.proxy.$Proxy117.run(Unknown Source)
	at org.springframework.boot.autoconfigure.batch.JobLauncherApplicationRunner.execute(JobLauncherApplicationRunner.java:199)
	at org.springframework.boot.autoconfigure.batch.JobLauncherApplicationRunner.executeLocalJobs(JobLauncherApplicationRunner.java:173)
	at org.springframework.boot.autoconfigure.batch.JobLauncherApplicationRunner.launchJobFromProperties(JobLauncherApplicationRunner.java:160)
	at org.springframework.boot.autoconfigure.batch.JobLauncherApplicationRunner.run(JobLauncherApplicationRunner.java:155)
	at org.springframework.boot.autoconfigure.batch.JobLauncherApplicationRunner.run(JobLauncherApplicationRunner.java:150)
	at org.springframework.boot.SpringApplication.callRunner(SpringApplication.java:782)
	at org.springframework.boot.SpringApplication.callRunners(SpringApplication.java:772)
	at org.springframework.boot.SpringApplication.run(SpringApplication.java:345)
	at org.springframework.boot.SpringApplication.run(SpringApplication.java:1343)
	at org.springframework.boot.SpringApplication.run(SpringApplication.java:1332)
	at com.example.firstsample.ProdreadyApplication.main(ProdreadyApplication.java:13)
Caused by: org.h2.jdbc.JdbcSQLDataException: Invalid value "4" for parameter "columnIndex" [90008-200]
	at org.h2.message.DbException.getJdbcSQLException(DbException.java:590)
	at org.h2.message.DbException.getJdbcSQLException(DbException.java:429)
	at org.h2.message.DbException.get(DbException.java:205)
	at org.h2.message.DbException.getInvalidValueException(DbException.java:280)
	at org.h2.jdbc.JdbcResultSet.checkColumnIndex(JdbcResultSet.java:3212)
	at org.h2.jdbc.JdbcResultSet.get(JdbcResultSet.java:3251)
	at org.h2.jdbc.JdbcResultSet.getString(JdbcResultSet.java:298)
	at com.zaxxer.hikari.pool.HikariProxyResultSet.getString(HikariProxyResultSet.java)
	at com.example.firstsample.data.JobCompletionNotificationListener.lambda$0(JobCompletionNotificationListener.java:32)
	at org.springframework.jdbc.core.RowMapperResultSetExtractor.extractData(RowMapperResultSetExtractor.java:94)
	at org.springframework.jdbc.core.RowMapperResultSetExtractor.extractData(RowMapperResultSetExtractor.java:61)
	at org.springframework.jdbc.core.JdbcTemplate$1QueryStatementCallback.doInStatement(JdbcTemplate.java:453)
	at org.springframework.jdbc.core.JdbcTemplate.execute(JdbcTemplate.java:381)
	... 30 common frames omitted

2021-07-17 00:01:04.894  INFO 25711 --- [main] o.s.b.c.l.support.SimpleJobLauncher      : Job: [FlowJob: [name=importUserJob]] completed with the following parameters: [{run.id=1}] and the following status: [COMPLETED] in 103ms
2021-07-17 00:02:38.484  INFO 25711 --- [SpringApplicationShutdownHook] j.LocalContainerEntityManagerFactoryBean : Closing JPA EntityManagerFactory for persistence unit 'default'
2021-07-17 00:02:38.488  INFO 25711 --- [SpringApplicationShutdownHook] com.zaxxer.hikari.HikariDataSource       : HikariPool-1 - Shutdown initiated...
2021-07-17 00:02:38.492  INFO 25711 --- [SpringApplicationShutdownHook] com.zaxxer.hikari.HikariDataSource       : HikariPool-1 - Shutdown completed.
2021-07-17 00:02:47.389  INFO 25726 --- [main] c.e.firstsample.ProdreadyApplication     : Starting ProdreadyApplication using Java 11.0.11 on USCS-Mac122.local with PID 25726 (/Users/admin/Desktop/springboot-docker-demo-master/target/classes started by admin in /Users/admin/Desktop/springboot-docker-demo-master)
2021-07-17 00:02:47.395 DEBUG 25726 --- [main] c.e.firstsample.ProdreadyApplication     : Running with Spring Boot v2.5.2, Spring v5.3.8
2021-07-17 00:02:47.395  INFO 25726 --- [main] c.e.firstsample.ProdreadyApplication     : No active profile set, falling back to default profiles: default
2021-07-17 00:02:48.965  INFO 25726 --- [main] .s.d.r.c.RepositoryConfigurationDelegate : Bootstrapping Spring Data JPA repositories in DEFAULT mode.
2021-07-17 00:02:49.048  INFO 25726 --- [main] .s.d.r.c.RepositoryConfigurationDelegate : Finished Spring Data repository scanning in 70 ms. Found 2 JPA repository interfaces.
2021-07-17 00:02:49.978  INFO 25726 --- [main] o.s.b.w.embedded.tomcat.TomcatWebServer  : Tomcat initialized with port(s): 8080 (http)
2021-07-17 00:02:49.991  INFO 25726 --- [main] o.apache.catalina.core.StandardService   : Starting service [Tomcat]
2021-07-17 00:02:49.992  INFO 25726 --- [main] org.apache.catalina.core.StandardEngine  : Starting Servlet engine: [Apache Tomcat/9.0.48]
2021-07-17 00:02:50.159  INFO 25726 --- [main] o.a.c.c.C.[Tomcat].[localhost].[/]       : Initializing Spring embedded WebApplicationContext
2021-07-17 00:02:50.160  INFO 25726 --- [main] w.s.c.ServletWebServerApplicationContext : Root WebApplicationContext: initialization completed in 2668 ms
2021-07-17 00:02:50.240  INFO 25726 --- [main] com.zaxxer.hikari.HikariDataSource       : HikariPool-1 - Starting...
2021-07-17 00:02:50.502  INFO 25726 --- [main] com.zaxxer.hikari.HikariDataSource       : HikariPool-1 - Start completed.
2021-07-17 00:02:50.511  INFO 25726 --- [main] o.s.b.a.h2.H2ConsoleAutoConfiguration    : H2 console available at '/h2-console'. Database available at 'jdbc:h2:mem:neha1'
2021-07-17 00:02:50.680 DEBUG 25726 --- [main] c.example.firstsample.JwtRequestFilter   : Filter 'jwtRequestFilter' configured for use
2021-07-17 00:02:50.811  INFO 25726 --- [main] o.hibernate.jpa.internal.util.LogHelper  : HHH000204: Processing PersistenceUnitInfo [name: default]
2021-07-17 00:02:50.916  INFO 25726 --- [main] org.hibernate.Version                    : HHH000412: Hibernate ORM core version 5.4.32.Final
2021-07-17 00:02:51.101  INFO 25726 --- [main] o.hibernate.annotations.common.Version   : HCANN000001: Hibernate Commons Annotations {5.1.2.Final}
2021-07-17 00:02:51.245  INFO 25726 --- [main] org.hibernate.dialect.Dialect            : HHH000400: Using dialect: org.hibernate.dialect.H2Dialect
2021-07-17 00:02:51.945  INFO 25726 --- [main] org.hibernate.tuple.PojoInstantiator     : HHH000182: No default (no-argument) constructor for class: com.example.firstsample.domain.User (class must be instantiated by Interceptor)
2021-07-17 00:02:52.155  INFO 25726 --- [main] o.h.e.t.j.p.i.JtaPlatformInitiator       : HHH000490: Using JtaPlatform implementation: [org.hibernate.engine.transaction.jta.platform.internal.NoJtaPlatform]
2021-07-17 00:02:52.165  INFO 25726 --- [main] j.LocalContainerEntityManagerFactoryBean : Initialized JPA EntityManagerFactory for persistence unit 'default'
2021-07-17 00:02:52.254  WARN 25726 --- [main] JpaBaseConfiguration$JpaWebConfiguration : spring.jpa.open-in-view is enabled by default. Therefore, database queries may be performed during view rendering. Explicitly configure spring.jpa.open-in-view to disable this warning
2021-07-17 00:02:53.896  INFO 25726 --- [main] o.s.s.web.DefaultSecurityFilterChain     : Will secure any request with [org.springframework.security.web.context.request.async.WebAsyncManagerIntegrationFilter@5a02fca5, org.springframework.security.web.context.SecurityContextPersistenceFilter@12922d53, org.springframework.security.web.header.HeaderWriterFilter@7fd7965b, org.springframework.security.web.authentication.logout.LogoutFilter@384b718c, com.example.firstsample.JwtRequestFilter@517fbf62, org.springframework.security.web.savedrequest.RequestCacheAwareFilter@65374526, org.springframework.security.web.servletapi.SecurityContextHolderAwareRequestFilter@2c40e456, org.springframework.security.web.authentication.AnonymousAuthenticationFilter@6b3a1151, org.springframework.security.web.session.SessionManagementFilter@5c7876e1, org.springframework.security.web.access.ExceptionTranslationFilter@57d1edf0, org.springframework.security.web.access.intercept.FilterSecurityInterceptor@24c7b944]
2021-07-17 00:02:54.811  WARN 25726 --- [main] o.s.b.a.batch.JpaBatchConfigurer         : JPA does not support custom isolation levels, so locks may not be taken when launching Jobs
2021-07-17 00:02:54.815  INFO 25726 --- [main] o.s.b.c.r.s.JobRepositoryFactoryBean     : No database type set, using meta data indicating: H2
2021-07-17 00:02:54.839  INFO 25726 --- [main] o.s.b.c.l.support.SimpleJobLauncher      : No TaskExecutor has been set, defaulting to synchronous executor.
2021-07-17 00:02:55.251  INFO 25726 --- [main] o.s.b.w.embedded.tomcat.TomcatWebServer  : Tomcat started on port(s): 8080 (http) with context path ''
2021-07-17 00:02:55.993  INFO 25726 --- [main] c.e.firstsample.ProdreadyApplication     : Started ProdreadyApplication in 14.138 seconds (JVM running for 14.957)
2021-07-17 00:02:55.998  INFO 25726 --- [main] o.s.b.a.b.JobLauncherApplicationRunner   : Running default command line with: []
2021-07-17 00:02:56.074  INFO 25726 --- [main] o.s.b.c.l.support.SimpleJobLauncher      : Job: [FlowJob: [name=importUserJob]] launched with the following parameters: [{run.id=1}]
2021-07-17 00:02:56.133  INFO 25726 --- [main] o.s.batch.core.job.SimpleStepHandler     : Executing step: [step1]
2021-07-17 00:02:56.182  INFO 25726 --- [main] c.e.firstsample.data.TopicDataProcessor  : Converting (com.example.firstsample.data.TopicInput@65a86de0) into (com.example.firstsample.domain.Topic@745e1fb7)
2021-07-17 00:02:56.184  INFO 25726 --- [main] c.e.firstsample.data.TopicDataProcessor  : Converting (com.example.firstsample.data.TopicInput@4d484961) into (com.example.firstsample.domain.Topic@497d9489)
2021-07-17 00:02:56.193  INFO 25726 --- [main] c.e.firstsample.data.TopicDataProcessor  : Converting (com.example.firstsample.data.TopicInput@6f9c272b) into (com.example.firstsample.domain.Topic@6bbb3ec8)
2021-07-17 00:02:56.194  INFO 25726 --- [main] c.e.firstsample.data.TopicDataProcessor  : Converting (com.example.firstsample.data.TopicInput@64b7719f) into (com.example.firstsample.domain.Topic@414b785c)
2021-07-17 00:02:56.223  INFO 25726 --- [main] o.s.batch.core.step.AbstractStep         : Step: [step1] executed in 89ms
2021-07-17 00:02:56.232  INFO 25726 --- [main] .e.f.d.JobCompletionNotificationListener : !!! JOB FINISHED! Time to verify the results
2021-07-17 00:02:56.234  INFO 25726 --- [main] .e.f.d.JobCompletionNotificationListener : Found in db : ID:1 Name:java Description:java course date : 2010-04-29 00:00:00 Number:4567
2021-07-17 00:02:56.235  INFO 25726 --- [main] .e.f.d.JobCompletionNotificationListener : Found in db : ID:2 Name:c Description:c course date : 2010-04-29 00:00:00 Number:6677
2021-07-17 00:02:56.235  INFO 25726 --- [main] .e.f.d.JobCompletionNotificationListener : Found in db : ID:3 Name:cplus Description:cplus course date : 2010-04-29 00:00:00 Number:123
2021-07-17 00:02:56.235  INFO 25726 --- [main] .e.f.d.JobCompletionNotificationListener : Found in db : ID:4 Name:oops Description:oops course date : 2010-04-29 00:00:00 Number:7899999
2021-07-17 00:02:56.246  INFO 25726 --- [main] o.s.b.c.l.support.SimpleJobLauncher      : Job: [FlowJob: [name=importUserJob]] completed with the following parameters: [{run.id=1}] and the following status: [COMPLETED] in 127ms
2021-07-17 00:03:11.714  INFO 25726 --- [http-nio-8080-exec-2] o.a.c.c.C.[Tomcat].[localhost].[/]       : Initializing Spring DispatcherServlet 'dispatcherServlet'
2021-07-17 00:03:11.719  INFO 25726 --- [http-nio-8080-exec-2] o.s.web.servlet.DispatcherServlet        : Initializing Servlet 'dispatcherServlet'
2021-07-17 00:03:11.724  INFO 25726 --- [http-nio-8080-exec-2] o.s.web.servlet.DispatcherServlet        : Completed initialization in 5 ms
2021-07-17 00:03:12.009  INFO 25726 --- [http-nio-8080-exec-2] c.e.firstsample.web.TopicController      : GET /topics 
2021-07-17 00:09:44.367  INFO 25726 --- [SpringApplicationShutdownHook] j.LocalContainerEntityManagerFactoryBean : Closing JPA EntityManagerFactory for persistence unit 'default'
2021-07-17 00:09:44.378  INFO 25726 --- [SpringApplicationShutdownHook] com.zaxxer.hikari.HikariDataSource       : HikariPool-1 - Shutdown initiated...
2021-07-17 00:09:44.386  INFO 25726 --- [SpringApplicationShutdownHook] com.zaxxer.hikari.HikariDataSource       : HikariPool-1 - Shutdown completed.
2021-07-17 00:11:59.984  INFO 25823 --- [main] c.e.firstsample.ProdreadyApplication     : Starting ProdreadyApplication using Java 11.0.11 on USCS-Mac122.local with PID 25823 (/Users/admin/Desktop/springboot-docker-demo-master/target/classes started by admin in /Users/admin/Desktop/springboot-docker-demo-master)
2021-07-17 00:11:59.988 DEBUG 25823 --- [main] c.e.firstsample.ProdreadyApplication     : Running with Spring Boot v2.5.2, Spring v5.3.8
2021-07-17 00:11:59.989  INFO 25823 --- [main] c.e.firstsample.ProdreadyApplication     : No active profile set, falling back to default profiles: default
2021-07-17 00:12:01.649  INFO 25823 --- [main] .s.d.r.c.RepositoryConfigurationDelegate : Bootstrapping Spring Data JPA repositories in DEFAULT mode.
2021-07-17 00:12:01.721  INFO 25823 --- [main] .s.d.r.c.RepositoryConfigurationDelegate : Finished Spring Data repository scanning in 62 ms. Found 2 JPA repository interfaces.
2021-07-17 00:12:02.699  INFO 25823 --- [main] o.s.b.w.embedded.tomcat.TomcatWebServer  : Tomcat initialized with port(s): 8080 (http)
2021-07-17 00:12:02.712  INFO 25823 --- [main] o.apache.catalina.core.StandardService   : Starting service [Tomcat]
2021-07-17 00:12:02.713  INFO 25823 --- [main] org.apache.catalina.core.StandardEngine  : Starting Servlet engine: [Apache Tomcat/9.0.48]
2021-07-17 00:12:02.861  INFO 25823 --- [main] o.a.c.c.C.[Tomcat].[localhost].[/]       : Initializing Spring embedded WebApplicationContext
2021-07-17 00:12:02.861  INFO 25823 --- [main] w.s.c.ServletWebServerApplicationContext : Root WebApplicationContext: initialization completed in 2781 ms
2021-07-17 00:12:02.944  INFO 25823 --- [main] com.zaxxer.hikari.HikariDataSource       : HikariPool-1 - Starting...
2021-07-17 00:12:03.236  INFO 25823 --- [main] com.zaxxer.hikari.HikariDataSource       : HikariPool-1 - Start completed.
2021-07-17 00:12:03.247  INFO 25823 --- [main] o.s.b.a.h2.H2ConsoleAutoConfiguration    : H2 console available at '/h2-console'. Database available at 'jdbc:h2:mem:neha1'
2021-07-17 00:12:03.462 DEBUG 25823 --- [main] c.example.firstsample.JwtRequestFilter   : Filter 'jwtRequestFilter' configured for use
2021-07-17 00:12:03.629  INFO 25823 --- [main] o.hibernate.jpa.internal.util.LogHelper  : HHH000204: Processing PersistenceUnitInfo [name: default]
2021-07-17 00:12:03.702  INFO 25823 --- [main] org.hibernate.Version                    : HHH000412: Hibernate ORM core version 5.4.32.Final
2021-07-17 00:12:03.883  INFO 25823 --- [main] o.hibernate.annotations.common.Version   : HCANN000001: Hibernate Commons Annotations {5.1.2.Final}
2021-07-17 00:12:04.049  INFO 25823 --- [main] org.hibernate.dialect.Dialect            : HHH000400: Using dialect: org.hibernate.dialect.H2Dialect
2021-07-17 00:12:04.726  INFO 25823 --- [main] org.hibernate.tuple.PojoInstantiator     : HHH000182: No default (no-argument) constructor for class: com.example.firstsample.domain.User (class must be instantiated by Interceptor)
2021-07-17 00:12:04.930  INFO 25823 --- [main] o.h.e.t.j.p.i.JtaPlatformInitiator       : HHH000490: Using JtaPlatform implementation: [org.hibernate.engine.transaction.jta.platform.internal.NoJtaPlatform]
2021-07-17 00:12:04.940  INFO 25823 --- [main] j.LocalContainerEntityManagerFactoryBean : Initialized JPA EntityManagerFactory for persistence unit 'default'
2021-07-17 00:12:05.043  WARN 25823 --- [main] JpaBaseConfiguration$JpaWebConfiguration : spring.jpa.open-in-view is enabled by default. Therefore, database queries may be performed during view rendering. Explicitly configure spring.jpa.open-in-view to disable this warning
2021-07-17 00:12:06.736  INFO 25823 --- [main] o.s.s.web.DefaultSecurityFilterChain     : Will secure any request with [org.springframework.security.web.context.request.async.WebAsyncManagerIntegrationFilter@36b2b6e6, org.springframework.security.web.context.SecurityContextPersistenceFilter@2c40e456, org.springframework.security.web.header.HeaderWriterFilter@adb15df, org.springframework.security.web.authentication.logout.LogoutFilter@1fdbba0d, com.example.firstsample.JwtRequestFilter@150f41b9, org.springframework.security.web.savedrequest.RequestCacheAwareFilter@6f28a07e, org.springframework.security.web.servletapi.SecurityContextHolderAwareRequestFilter@661d49d1, org.springframework.security.web.authentication.AnonymousAuthenticationFilter@5a9004e1, org.springframework.security.web.session.SessionManagementFilter@332fc35c, org.springframework.security.web.access.ExceptionTranslationFilter@5205b3e2, org.springframework.security.web.access.intercept.FilterSecurityInterceptor@16c3388e]
2021-07-17 00:12:07.366  WARN 25823 --- [main] o.s.b.a.batch.JpaBatchConfigurer         : JPA does not support custom isolation levels, so locks may not be taken when launching Jobs
2021-07-17 00:12:07.370  INFO 25823 --- [main] o.s.b.c.r.s.JobRepositoryFactoryBean     : No database type set, using meta data indicating: H2
2021-07-17 00:12:07.395  INFO 25823 --- [main] o.s.b.c.l.support.SimpleJobLauncher      : No TaskExecutor has been set, defaulting to synchronous executor.
2021-07-17 00:12:07.778  INFO 25823 --- [main] o.s.b.w.embedded.tomcat.TomcatWebServer  : Tomcat started on port(s): 8080 (http) with context path ''
2021-07-17 00:12:08.391  INFO 25823 --- [main] c.e.firstsample.ProdreadyApplication     : Started ProdreadyApplication in 13.952 seconds (JVM running for 14.817)
2021-07-17 00:12:08.394  INFO 25823 --- [main] o.s.b.a.b.JobLauncherApplicationRunner   : Running default command line with: []
2021-07-17 00:12:08.458  INFO 25823 --- [main] o.s.b.c.l.support.SimpleJobLauncher      : Job: [FlowJob: [name=importUserJob]] launched with the following parameters: [{run.id=1}]
2021-07-17 00:12:08.509  INFO 25823 --- [main] o.s.batch.core.job.SimpleStepHandler     : Executing step: [step1]
2021-07-17 00:12:08.612  INFO 25823 --- [main] c.e.firstsample.data.TopicDataProcessor  : Converting (com.example.firstsample.data.TopicInput@4ac7f844) into (com.example.firstsample.domain.Topic@64641bb2)
2021-07-17 00:12:08.614  INFO 25823 --- [main] c.e.firstsample.data.TopicDataProcessor  : Converting (com.example.firstsample.data.TopicInput@4eb5cdae) into (com.example.firstsample.domain.Topic@6bed8d98)
2021-07-17 00:12:08.614  INFO 25823 --- [main] c.e.firstsample.data.TopicDataProcessor  : Converting (com.example.firstsample.data.TopicInput@1e9d5d79) into (com.example.firstsample.domain.Topic@5ae06c93)
2021-07-17 00:12:08.615  INFO 25823 --- [main] c.e.firstsample.data.TopicDataProcessor  : Converting (com.example.firstsample.data.TopicInput@3a5812dc) into (com.example.firstsample.domain.Topic@3ddec942)
2021-07-17 00:12:08.630  INFO 25823 --- [main] o.s.batch.core.step.AbstractStep         : Step: [step1] executed in 120ms
2021-07-17 00:12:08.635  INFO 25823 --- [main] .e.f.d.JobCompletionNotificationListener : !!! JOB FINISHED! Time to verify the results
2021-07-17 00:12:08.638  INFO 25823 --- [main] .e.f.d.JobCompletionNotificationListener : Found in db : ID:1 Name:java Description:java course date : 2010-04-29 00:00:00 Number:566
2021-07-17 00:12:08.638  INFO 25823 --- [main] .e.f.d.JobCompletionNotificationListener : Found in db : ID:2 Name:c Description:c course date : 2010-04-29 00:00:00 Number:6677
2021-07-17 00:12:08.638  INFO 25823 --- [main] .e.f.d.JobCompletionNotificationListener : Found in db : ID:3 Name:cplus Description:cplus course date : 2010-04-29 00:00:00 Number:566
2021-07-17 00:12:08.638  INFO 25823 --- [main] .e.f.d.JobCompletionNotificationListener : Found in db : ID:4 Name:oops Description:oops course date : 2010-04-29 00:00:00 Number:777
2021-07-17 00:12:08.641  INFO 25823 --- [main] o.s.b.c.l.support.SimpleJobLauncher      : Job: [FlowJob: [name=importUserJob]] completed with the following parameters: [{run.id=1}] and the following status: [COMPLETED] in 150ms
